Using pre-set license
Built from '2021.1/staging' branch; Version is '2021.1.7f1 (d91830b65d9b) revision 14227504'; Using compiler version '192528614'; Build Type 'Release'
OS: 'Windows 10 Pro; OS build 19043.1165; Version 2009; 64bit' Language: 'nl' Physical Memory: 7998 MB
BatchMode: 1, IsHumanControllingUs: 0, StartBugReporterOnCrash: 0, Is64bit: 1, IsPro: 0

 COMMAND LINE ARGUMENTS:
C:\Program Files\Unity\Hub\Editor\2021.1.7f1\Editor\Unity.exe
-adb2
-batchMode
-noUpm
-name
AssetImportWorker0
-projectPath
C:/Users/mrbos/Documents/2e jaar/F2M5PFP
-logFile
Logs/AssetImportWorker0.log
-srvPort
50707
Successfully changed project path to: C:/Users/mrbos/Documents/2e jaar/F2M5PFP
C:/Users/mrbos/Documents/2e jaar/F2M5PFP
Using Asset Import Pipeline V2.
Refreshing native plugins compatible for Editor in 100.11 ms, found 1 plugins.
Preloading 0 native plugins for Editor in 0.00 ms.
Initialize engine version: 2021.1.7f1 (d91830b65d9b)
[Subsystems] Discovering subsystems at path C:/Program Files/Unity/Hub/Editor/2021.1.7f1/Editor/Data/Resources/UnitySubsystems
[Subsystems] Discovering subsystems at path C:/Users/mrbos/Documents/2e jaar/F2M5PFP/Assets
GfxDevice: creating device client; threaded=0; jobified=0
Direct3D:
    Version:  Direct3D 11.0 [level 11.1]
    Renderer: AMD Radeon Pro WX3200 Graphics (ID=0x6981)
    Vendor:   ATI
    VRAM:     4076 MB
    Driver:   27.20.14534.1003
Initialize mono
Mono path[0] = 'C:/Program Files/Unity/Hub/Editor/2021.1.7f1/Editor/Data/Managed'
Mono path[1] = 'C:/Program Files/Unity/Hub/Editor/2021.1.7f1/Editor/Data/MonoBleedingEdge/lib/mono/unityjit'
Mono config path = 'C:/Program Files/Unity/Hub/Editor/2021.1.7f1/Editor/Data/MonoBleedingEdge/etc'
Using monoOptions --debugger-agent=transport=dt_socket,embedding=1,server=y,suspend=n,address=127.0.0.1:56108
Begin MonoManager ReloadAssembly
Registering precompiled unity dll's ...
Register platform support module: C:/Program Files/Unity/Hub/Editor/2021.1.7f1/Editor/Data/PlaybackEngines/WindowsStandaloneSupport/UnityEditor.WindowsStandalone.Extensions.dll
Registered in 0.004620 seconds.
Native extension for WindowsStandalone target not found
Refreshing native plugins compatible for Editor in 176.48 ms, found 1 plugins.
Preloading 0 native plugins for Editor in 0.00 ms.
Mono: successfully reloaded assembly
- Completed reload, in  2.196 seconds
Platform modules already initialized, skipping
Registering precompiled user dll's ...
Registered in 0.006211 seconds.
Begin MonoManager ReloadAssembly
Symbol file LoadedFromMemory doesn't match image C:\Users\mrbos\Documents\2e jaar\F2M5PFP\Library\PackageCache\com.unity.visualscripting@1.6.1\Editor\VisualScripting.Core\Dependencies\YamlDotNet\Unity.VisualScripting.YamlDotNet.dll
Symbol file LoadedFromMemory doesn't match image C:\Users\mrbos\Documents\2e jaar\F2M5PFP\Library\PackageCache\com.unity.visualscripting@1.6.1\Editor\VisualScripting.Core\Dependencies\DotNetZip\Unity.VisualScripting.IonicZip.dll
Native extension for WindowsStandalone target not found
Refreshing native plugins compatible for Editor in 0.74 ms, found 1 plugins.
Preloading 0 native plugins for Editor in 0.00 ms.
Mono: successfully reloaded assembly
- Completed reload, in  1.753 seconds
Platform modules already initialized, skipping
========================================================================
Worker process is ready to serve import requests
Launched and connected shader compiler UnityShaderCompiler.exe after 0.14 seconds
Refreshing native plugins compatible for Editor in 0.70 ms, found 1 plugins.
Preloading 0 native plugins for Editor in 0.00 ms.
Unloading 2666 Unused Serialized files (Serialized files now loaded: 0)
System memory in use before: 98.2 MB.
System memory in use after: 98.3 MB.

Unloading 14 unused Assets to reduce memory usage. Loaded Objects now: 3119.
Total: 4.456000 ms (FindLiveObjects: 0.426100 ms CreateObjectMapping: 0.249600 ms MarkObjects: 3.643900 ms  DeleteObjects: 0.135100 ms)

========================================================================
Received Import Request.
  path: Assets
  artifactKey: Guid(00000000000000001000000000000000) Importer(815301076,1909f56bfc062723c751e8b465ee728b)
Start importing Assets using Guid(00000000000000001000000000000000) Importer(815301076,1909f56bfc062723c751e8b465ee728b)  -> (artifact id: '42d402b061de3733987d63b9cc3b64de') in 0.026509 seconds 
========================================================================
Received Import Request.
  Time since last request: 7.633864 seconds.
  path: Assets/materials
  artifactKey: Guid(09b5fb60fce35fd46acd1c633a435fac) Importer(815301076,1909f56bfc062723c751e8b465ee728b)
Start importing Assets/materials using Guid(09b5fb60fce35fd46acd1c633a435fac) Importer(815301076,1909f56bfc062723c751e8b465ee728b)  -> (artifact id: '1c6d6f0e95e0e8328c87641957c3192e') in 0.022077 seconds 
========================================================================
Received Import Request.
  Time since last request: 22.877316 seconds.
  path: Assets/materials/New Material.mat
  artifactKey: Guid(3a594225cc2deb24c9fd6f15c488c913) Importer(815301076,1909f56bfc062723c751e8b465ee728b)
Start importing Assets/materials/New Material.mat using Guid(3a594225cc2deb24c9fd6f15c488c913) Importer(815301076,1909f56bfc062723c751e8b465ee728b)  -> (artifact id: '129bd6392ab52c8aab21659ec2fad54b') in 0.450198 seconds 
========================================================================
Received Import Request.
  Time since last request: 25.717073 seconds.
  path: Assets/materials/path.mat
  artifactKey: Guid(6e35efb438cd96c4b8c5cf427590466d) Importer(815301076,1909f56bfc062723c751e8b465ee728b)
Start importing Assets/materials/path.mat using Guid(6e35efb438cd96c4b8c5cf427590466d) Importer(815301076,1909f56bfc062723c751e8b465ee728b)  -> (artifact id: '458cfcf0b8a8b9cd4d816351f9643dc8') in 0.040975 seconds 
========================================================================
Received Import Request.
  Time since last request: 24.528202 seconds.
  path: Assets/materials/Spawn.mat
  artifactKey: Guid(3a594225cc2deb24c9fd6f15c488c913) Importer(815301076,1909f56bfc062723c751e8b465ee728b)
Start importing Assets/materials/Spawn.mat using Guid(3a594225cc2deb24c9fd6f15c488c913) Importer(815301076,1909f56bfc062723c751e8b465ee728b)  -> (artifact id: 'e030326de4ca90483a5855c629c66e3d') in 0.038187 seconds 
========================================================================
Received Import Request.
  Time since last request: 51.607913 seconds.
  path: Assets/materials/End.mat
  artifactKey: Guid(38187ca4f7ea60241abb7976253ba4d9) Importer(815301076,1909f56bfc062723c751e8b465ee728b)
Start importing Assets/materials/End.mat using Guid(38187ca4f7ea60241abb7976253ba4d9) Importer(815301076,1909f56bfc062723c751e8b465ee728b)  -> (artifact id: 'd2120f4e7bd33cd676c94d4c2d354c43') in 0.034915 seconds 
========================================================================
Received Import Request.
  Time since last request: 615.188930 seconds.
  path: ProjectSettings/TagManager.asset
  artifactKey: Guid(00000000000000003000000000000000) Importer(815301076,1909f56bfc062723c751e8b465ee728b)
Start importing ProjectSettings/TagManager.asset using Guid(00000000000000003000000000000000) Importer(815301076,1909f56bfc062723c751e8b465ee728b)  -> (artifact id: 'ce6a35c3cddc746e7501c0bd0ed6d4ce') in 0.029401 seconds 
========================================================================
Received Import Request.
  Time since last request: 136.796228 seconds.
  path: Assets/materials/End.mat
  artifactKey: Guid(38187ca4f7ea60241abb7976253ba4d9) Importer(815301076,1909f56bfc062723c751e8b465ee728b)
Start importing Assets/materials/End.mat using Guid(38187ca4f7ea60241abb7976253ba4d9) Importer(815301076,1909f56bfc062723c751e8b465ee728b)  -> (artifact id: 'e3f8aa4a727d5350fb4045324de5b96e') in 0.038529 seconds 
========================================================================
Received Import Request.
  Time since last request: 0.000406 seconds.
  path: Assets/materials/path.mat
  artifactKey: Guid(6e35efb438cd96c4b8c5cf427590466d) Importer(815301076,1909f56bfc062723c751e8b465ee728b)
Start importing Assets/materials/path.mat using Guid(6e35efb438cd96c4b8c5cf427590466d) Importer(815301076,1909f56bfc062723c751e8b465ee728b)  -> (artifact id: '13e7d577d833e734be149a898b8c6717') in 0.035209 seconds 
========================================================================
Received Import Request.
  Time since last request: 847.988217 seconds.
  path: Assets/materials/New Material.mat
  artifactKey: Guid(baea5bdfba4ee014f9d6557ec1442210) Importer(815301076,1909f56bfc062723c751e8b465ee728b)
Start importing Assets/materials/New Material.mat using Guid(baea5bdfba4ee014f9d6557ec1442210) Importer(815301076,1909f56bfc062723c751e8b465ee728b)  -> (artifact id: '4afae9ccdd4f03ac331bcf8c472b24ea') in 0.051606 seconds 
========================================================================
Received Import Request.
  Time since last request: 4.984371 seconds.
  path: Assets/materials/New Material 1.mat
  artifactKey: Guid(b07d81bb131c8df4e84ba887dbe3b6f0) Importer(815301076,1909f56bfc062723c751e8b465ee728b)
Start importing Assets/materials/New Material 1.mat using Guid(b07d81bb131c8df4e84ba887dbe3b6f0) Importer(815301076,1909f56bfc062723c751e8b465ee728b)  -> (artifact id: '554a4d2da102670b32324d99a5c809cc') in 0.043814 seconds 
========================================================================
Received Import Request.
  Time since last request: 11.872973 seconds.
  path: Assets/materials/Build.mat
  artifactKey: Guid(b07d81bb131c8df4e84ba887dbe3b6f0) Importer(815301076,1909f56bfc062723c751e8b465ee728b)
Start importing Assets/materials/Build.mat using Guid(b07d81bb131c8df4e84ba887dbe3b6f0) Importer(815301076,1909f56bfc062723c751e8b465ee728b)  -> (artifact id: '2bfb56dbc99bbbd47cd1f64440d2c610') in 0.041396 seconds 
========================================================================
Received Import Request.
  Time since last request: 13.049322 seconds.
  path: Assets/materials/Deadzone.mat
  artifactKey: Guid(baea5bdfba4ee014f9d6557ec1442210) Importer(815301076,1909f56bfc062723c751e8b465ee728b)
Start importing Assets/materials/Deadzone.mat using Guid(baea5bdfba4ee014f9d6557ec1442210) Importer(815301076,1909f56bfc062723c751e8b465ee728b)  -> (artifact id: '4a51afbce50ebcc38a0911cbe7a2ab13') in 0.048148 seconds 
========================================================================
Received Import Request.
  Time since last request: 108.700753 seconds.
  path: Assets/materials/Build.mat
  artifactKey: Guid(b07d81bb131c8df4e84ba887dbe3b6f0) Importer(815301076,1909f56bfc062723c751e8b465ee728b)
Start importing Assets/materials/Build.mat using Guid(b07d81bb131c8df4e84ba887dbe3b6f0) Importer(815301076,1909f56bfc062723c751e8b465ee728b)  -> (artifact id: '2bb9936cd88102a0a4904b98724b78dc') in 0.053588 seconds 
========================================================================
Received Import Request.
  Time since last request: 0.000370 seconds.
  path: Assets/materials/Deadzone.mat
  artifactKey: Guid(baea5bdfba4ee014f9d6557ec1442210) Importer(815301076,1909f56bfc062723c751e8b465ee728b)
Start importing Assets/materials/Deadzone.mat using Guid(baea5bdfba4ee014f9d6557ec1442210) Importer(815301076,1909f56bfc062723c751e8b465ee728b)  -> (artifact id: '8ec54f5cca9db9f5689a5e4373ce18d3') in 0.055821 seconds 
AssetImportWorkerClient::OnTransportError - code=2 error=End of file
